[2022-10-05 07:48:30,030]   INFO -    org.jetbrains.analysis.Main:42 - Generating final reports...
[2022-10-05 07:48:30,032]   INFO -               internal.message:43 - Code Inspection version: 0.10.70
[2022-10-05 07:48:30,052]  TRACE - ains.analysis.core.TagsHandler:31 - Problem was occurred till read targets tags from file: /data/results/targets.json
[2022-10-05 07:48:30,053]  TRACE - ore.CodeInspectionMOReaderImpl:153 - Problem was occurred till read Problem file /data/results/qodana-short.sarif.json: Expected BEGIN_ARRAY but was STRING at line 2 column 15 path $.$schema
[2022-10-05 07:48:30,072]  TRACE - ore.CodeInspectionMOReaderImpl:175 - Problem was occurred till read targets Problem file /data/results/qodana-short.sarif.json: Failed call validation for DescriptionProblemClass
[2022-10-05 07:48:30,072]  TRACE - ore.CodeInspectionMOReaderImpl:202 - Problem was occurred till read Duplicate file /data/results/qodana-short.sarif.json: Expected BEGIN_ARRAY but was STRING at line 2 column 15 path $.$schema
[2022-10-05 07:48:30,072]  TRACE - ore.CodeInspectionMOReaderImpl:226 - Problem was occurred till read Taint file /data/results/qodana-short.sarif.json: Expected BEGIN_ARRAY but was STRING at line 2 column 15 path $.$schema
[2022-10-05 07:48:30,073]  TRACE - ore.CodeInspectionMOReaderImpl:153 - Problem was occurred till read Problem file /data/results/qodana.sarif.json: Expected BEGIN_ARRAY but was STRING at line 2 column 15 path $.$schema
[2022-10-05 07:48:30,171]  TRACE - ore.CodeInspectionMOReaderImpl:175 - Problem was occurred till read targets Problem file /data/results/qodana.sarif.json: Failed call validation for DescriptionProblemClass
[2022-10-05 07:48:30,171]  TRACE - ore.CodeInspectionMOReaderImpl:202 - Problem was occurred till read Duplicate file /data/results/qodana.sarif.json: Expected BEGIN_ARRAY but was STRING at line 2 column 15 path $.$schema
[2022-10-05 07:48:30,172]  TRACE - ore.CodeInspectionMOReaderImpl:226 - Problem was occurred till read Taint file /data/results/qodana.sarif.json: Expected BEGIN_ARRAY but was STRING at line 2 column 15 path $.$schema
[2022-10-05 07:48:30,172]  TRACE - ore.CodeInspectionMOReaderImpl:153 - Problem was occurred till read Problem file /data/results/log/indexing-diagnostic/storage-diagnostic-on-shutdown-2022-10-05-07-44-44.442.json: Expected BEGIN_ARRAY but was BEGIN_OBJECT at line 2 column 23 path $.pageCacheStats
[2022-10-05 07:48:30,174]  TRACE - ore.CodeInspectionMOReaderImpl:175 - Problem was occurred till read targets Problem file /data/results/log/indexing-diagnostic/storage-diagnostic-on-shutdown-2022-10-05-07-44-44.442.json: Failed call validation for DescriptionProblemClass
[2022-10-05 07:48:30,174]  TRACE - ore.CodeInspectionMOReaderImpl:202 - Problem was occurred till read Duplicate file /data/results/log/indexing-diagnostic/storage-diagnostic-on-shutdown-2022-10-05-07-44-44.442.json: Expected BEGIN_ARRAY but was BEGIN_OBJECT at line 2 column 23 path $.pageCacheStats
[2022-10-05 07:48:30,175]  TRACE - ore.CodeInspectionMOReaderImpl:226 - Problem was occurred till read Taint file /data/results/log/indexing-diagnostic/storage-diagnostic-on-shutdown-2022-10-05-07-44-44.442.json: Expected BEGIN_ARRAY but was BEGIN_OBJECT at line 2 column 23 path $.pageCacheStats
[2022-10-05 07:48:30,176]  TRACE - ore.CodeInspectionMOReaderImpl:153 - Problem was occurred till read Problem file /data/results/log/indexing-diagnostic/project.15375f63/diagnostic-2022-10-05-07-48-14.214.html: Use JsonReader.setLenient(true) to accept malformed JSON at line 1 column 1 path $
[2022-10-05 07:48:30,183]  TRACE - ore.CodeInspectionMOReaderImpl:153 - Problem was occurred till read Problem file /data/results/log/indexing-diagnostic/project.15375f63/diagnostic-2022-10-05-07-48-17.476.html: Use JsonReader.setLenient(true) to accept malformed JSON at line 1 column 1 path $
[2022-10-05 07:48:30,183]  TRACE - ore.CodeInspectionMOReaderImpl:153 - Problem was occurred till read Problem file /data/results/log/indexing-diagnostic/project.15375f63/changed-files-pushing-events.json: Expected BEGIN_ARRAY but was STRING at line 1 column 12 path $.reason
[2022-10-05 07:48:30,183]  TRACE - ore.CodeInspectionMOReaderImpl:175 - Problem was occurred till read targets Problem file /data/results/log/indexing-diagnostic/project.15375f63/changed-files-pushing-events.json: Failed call validation for DescriptionProblemClass
[2022-10-05 07:48:30,185]  TRACE - ore.CodeInspectionMOReaderImpl:202 - Problem was occurred till read Duplicate file /data/results/log/indexing-diagnostic/project.15375f63/changed-files-pushing-events.json: Expected BEGIN_ARRAY but was STRING at line 1 column 12 path $.reason
[2022-10-05 07:48:30,185]  TRACE - ore.CodeInspectionMOReaderImpl:226 - Problem was occurred till read Taint file /data/results/log/indexing-diagnostic/project.15375f63/changed-files-pushing-events.json: Expected BEGIN_ARRAY but was STRING at line 1 column 12 path $.reason
[2022-10-05 07:48:30,185]  TRACE - ore.CodeInspectionMOReaderImpl:153 - Problem was occurred till read Problem file /data/results/log/indexing-diagnostic/project.15375f63/diagnostic-2022-10-05-07-44-52.069.json: Expected BEGIN_ARRAY but was BEGIN_OBJECT at line 2 column 16 path $.appInfo
[2022-10-05 07:48:30,186]  TRACE - ore.CodeInspectionMOReaderImpl:175 - Problem was occurred till read targets Problem file /data/results/log/indexing-diagnostic/project.15375f63/diagnostic-2022-10-05-07-44-52.069.json: Failed call validation for DescriptionProblemClass
[2022-10-05 07:48:30,186]  TRACE - ore.CodeInspectionMOReaderImpl:202 - Problem was occurred till read Duplicate file /data/results/log/indexing-diagnostic/project.15375f63/diagnostic-2022-10-05-07-44-52.069.json: Expected BEGIN_ARRAY but was BEGIN_OBJECT at line 2 column 16 path $.appInfo
[2022-10-05 07:48:30,187]  TRACE - ore.CodeInspectionMOReaderImpl:226 - Problem was occurred till read Taint file /data/results/log/indexing-diagnostic/project.15375f63/diagnostic-2022-10-05-07-44-52.069.json: Expected BEGIN_ARRAY but was BEGIN_OBJECT at line 2 column 16 path $.appInfo
[2022-10-05 07:48:30,187]  TRACE - ore.CodeInspectionMOReaderImpl:153 - Problem was occurred till read Problem file /data/results/log/indexing-diagnostic/project.15375f63/diagnostic-2022-10-05-07-45-00.097.json: Expected BEGIN_ARRAY but was BEGIN_OBJECT at line 2 column 16 path $.appInfo
[2022-10-05 07:48:30,188]  TRACE - ore.CodeInspectionMOReaderImpl:175 - Problem was occurred till read targets Problem file /data/results/log/indexing-diagnostic/project.15375f63/diagnostic-2022-10-05-07-45-00.097.json: Failed call validation for DescriptionProblemClass
[2022-10-05 07:48:30,188]  TRACE - ore.CodeInspectionMOReaderImpl:202 - Problem was occurred till read Duplicate file /data/results/log/indexing-diagnostic/project.15375f63/diagnostic-2022-10-05-07-45-00.097.json: Expected BEGIN_ARRAY but was BEGIN_OBJECT at line 2 column 16 path $.appInfo
[2022-10-05 07:48:30,188]  TRACE - ore.CodeInspectionMOReaderImpl:226 - Problem was occurred till read Taint file /data/results/log/indexing-diagnostic/project.15375f63/diagnostic-2022-10-05-07-45-00.097.json: Expected BEGIN_ARRAY but was BEGIN_OBJECT at line 2 column 16 path $.appInfo
[2022-10-05 07:48:30,188]  TRACE - ore.CodeInspectionMOReaderImpl:153 - Problem was occurred till read Problem file /data/results/log/indexing-diagnostic/project.15375f63/diagnostic-2022-10-05-07-45-00.097.html: Use JsonReader.setLenient(true) to accept malformed JSON at line 1 column 1 path $
[2022-10-05 07:48:30,189]  TRACE - ore.CodeInspectionMOReaderImpl:153 - Problem was occurred till read Problem file /data/results/log/indexing-diagnostic/project.15375f63/report.html: Use JsonReader.setLenient(true) to accept malformed JSON at line 1 column 1 path $
[2022-10-05 07:48:30,189]  TRACE - ore.CodeInspectionMOReaderImpl:153 - Problem was occurred till read Problem file /data/results/log/indexing-diagnostic/project.15375f63/diagnostic-2022-10-05-07-44-57.408.json: Expected BEGIN_ARRAY but was BEGIN_OBJECT at line 2 column 16 path $.appInfo
[2022-10-05 07:48:30,190]  TRACE - ore.CodeInspectionMOReaderImpl:175 - Problem was occurred till read targets Problem file /data/results/log/indexing-diagnostic/project.15375f63/diagnostic-2022-10-05-07-44-57.408.json: Failed call validation for DescriptionProblemClass
[2022-10-05 07:48:30,190]  TRACE - ore.CodeInspectionMOReaderImpl:202 - Problem was occurred till read Duplicate file /data/results/log/indexing-diagnostic/project.15375f63/diagnostic-2022-10-05-07-44-57.408.json: Expected BEGIN_ARRAY but was BEGIN_OBJECT at line 2 column 16 path $.appInfo
[2022-10-05 07:48:30,190]  TRACE - ore.CodeInspectionMOReaderImpl:226 - Problem was occurred till read Taint file /data/results/log/indexing-diagnostic/project.15375f63/diagnostic-2022-10-05-07-44-57.408.json: Expected BEGIN_ARRAY but was BEGIN_OBJECT at line 2 column 16 path $.appInfo
[2022-10-05 07:48:30,190]  TRACE - ore.CodeInspectionMOReaderImpl:153 - Problem was occurred till read Problem file /data/results/log/indexing-diagnostic/project.15375f63/diagnostic-2022-10-05-07-44-57.408.html: Use JsonReader.setLenient(true) to accept malformed JSON at line 1 column 1 path $
[2022-10-05 07:48:30,190]  TRACE - ore.CodeInspectionMOReaderImpl:153 - Problem was occurred till read Problem file /data/results/log/indexing-diagnostic/project.15375f63/diagnostic-2022-10-05-07-48-17.476.json: Expected BEGIN_ARRAY but was BEGIN_OBJECT at line 2 column 16 path $.appInfo
[2022-10-05 07:48:30,191]  TRACE - ore.CodeInspectionMOReaderImpl:175 - Problem was occurred till read targets Problem file /data/results/log/indexing-diagnostic/project.15375f63/diagnostic-2022-10-05-07-48-17.476.json: Failed call validation for DescriptionProblemClass
[2022-10-05 07:48:30,191]  TRACE - ore.CodeInspectionMOReaderImpl:202 - Problem was occurred till read Duplicate file /data/results/log/indexing-diagnostic/project.15375f63/diagnostic-2022-10-05-07-48-17.476.json: Expected BEGIN_ARRAY but was BEGIN_OBJECT at line 2 column 16 path $.appInfo
[2022-10-05 07:48:30,191]  TRACE - ore.CodeInspectionMOReaderImpl:226 - Problem was occurred till read Taint file /data/results/log/indexing-diagnostic/project.15375f63/diagnostic-2022-10-05-07-48-17.476.json: Expected BEGIN_ARRAY but was BEGIN_OBJECT at line 2 column 16 path $.appInfo
[2022-10-05 07:48:30,192]  TRACE - ore.CodeInspectionMOReaderImpl:153 - Problem was occurred till read Problem file /data/results/log/indexing-diagnostic/project.15375f63/diagnostic-2022-10-05-07-44-52.069.html: Use JsonReader.setLenient(true) to accept malformed JSON at line 1 column 1 path $
[2022-10-05 07:48:30,192]  TRACE - ore.CodeInspectionMOReaderImpl:153 - Problem was occurred till read Problem file /data/results/log/indexing-diagnostic/project.15375f63/diagnostic-2022-10-05-07-48-13.411.html: Use JsonReader.setLenient(true) to accept malformed JSON at line 1 column 1 path $
[2022-10-05 07:48:30,192]  TRACE - ore.CodeInspectionMOReaderImpl:153 - Problem was occurred till read Problem file /data/results/log/indexing-diagnostic/project.15375f63/diagnostic-2022-10-05-07-48-14.214.json: Expected BEGIN_ARRAY but was BEGIN_OBJECT at line 2 column 16 path $.appInfo
[2022-10-05 07:48:30,193]  TRACE - ore.CodeInspectionMOReaderImpl:175 - Problem was occurred till read targets Problem file /data/results/log/indexing-diagnostic/project.15375f63/diagnostic-2022-10-05-07-48-14.214.json: Failed call validation for DescriptionProblemClass
[2022-10-05 07:48:30,193]  TRACE - ore.CodeInspectionMOReaderImpl:202 - Problem was occurred till read Duplicate file /data/results/log/indexing-diagnostic/project.15375f63/diagnostic-2022-10-05-07-48-14.214.json: Expected BEGIN_ARRAY but was BEGIN_OBJECT at line 2 column 16 path $.appInfo
[2022-10-05 07:48:30,193]  TRACE - ore.CodeInspectionMOReaderImpl:226 - Problem was occurred till read Taint file /data/results/log/indexing-diagnostic/project.15375f63/diagnostic-2022-10-05-07-48-14.214.json: Expected BEGIN_ARRAY but was BEGIN_OBJECT at line 2 column 16 path $.appInfo
[2022-10-05 07:48:30,193]  TRACE - ore.CodeInspectionMOReaderImpl:153 - Problem was occurred till read Problem file /data/results/log/indexing-diagnostic/project.15375f63/diagnostic-2022-10-05-07-48-13.411.json: Expected BEGIN_ARRAY but was BEGIN_OBJECT at line 2 column 16 path $.appInfo
[2022-10-05 07:48:30,195]  TRACE - ore.CodeInspectionMOReaderImpl:175 - Problem was occurred till read targets Problem file /data/results/log/indexing-diagnostic/project.15375f63/diagnostic-2022-10-05-07-48-13.411.json: Failed call validation for DescriptionProblemClass
[2022-10-05 07:48:30,195]  TRACE - ore.CodeInspectionMOReaderImpl:202 - Problem was occurred till read Duplicate file /data/results/log/indexing-diagnostic/project.15375f63/diagnostic-2022-10-05-07-48-13.411.json: Expected BEGIN_ARRAY but was BEGIN_OBJECT at line 2 column 16 path $.appInfo
[2022-10-05 07:48:30,195]  TRACE - ore.CodeInspectionMOReaderImpl:226 - Problem was occurred till read Taint file /data/results/log/indexing-diagnostic/project.15375f63/diagnostic-2022-10-05-07-48-13.411.json: Expected BEGIN_ARRAY but was BEGIN_OBJECT at line 2 column 16 path $.appInfo
[2022-10-05 07:48:30,196]  TRACE - ore.CodeInspectionMOReaderImpl:153 - Problem was occurred till read Problem file /data/results/log/promo.profile.xml: Use JsonReader.setLenient(true) to accept malformed JSON at line 1 column 1 path $
[2022-10-05 07:48:30,196]  TRACE - ore.CodeInspectionMOReaderImpl:153 - Problem was occurred till read Problem file /data/results/log/idea.log: Use JsonReader.setLenient(true) to accept malformed JSON at line 1 column 1 path $
[2022-10-05 07:48:30,196]  TRACE - ore.CodeInspectionMOReaderImpl:153 - Problem was occurred till read Problem file /data/results/log/effective.profile.xml: Use JsonReader.setLenient(true) to accept malformed JSON at line 1 column 1 path $
[2022-10-05 07:48:30,196]  TRACE - ore.CodeInspectionMOReaderImpl:153 - Problem was occurred till read Problem file /data/results/log/main.profile.xml: Use JsonReader.setLenient(true) to accept malformed JSON at line 1 column 1 path $
[2022-10-05 07:48:30,196]  TRACE - ore.CodeInspectionMOReaderImpl:153 - Problem was occurred till read Problem file /data/results/log/gc.log: Expected BEGIN_OBJECT but was BEGIN_ARRAY at line 1 column 2 path $
[2022-10-05 07:48:30,197]  TRACE - ore.CodeInspectionMOReaderImpl:153 - Problem was occurred till read Problem file /data/results/log/qodana_directories_inspection_groups.csv: Use JsonReader.setLenient(true) to accept malformed JSON at line 1 column 1 path $
[2022-10-05 07:48:30,197]  TRACE - ore.CodeInspectionMOReaderImpl:153 - Problem was occurred till read Problem file /data/results/log/qodana.yaml: Use JsonReader.setLenient(true) to accept malformed JSON at line 1 column 1 path $
[2022-10-05 07:48:30,197]  TRACE - ore.CodeInspectionMOReaderImpl:153 - Problem was occurred till read Problem file /data/results/log/sanity.profile.xml: Use JsonReader.setLenient(true) to accept malformed JSON at line 1 column 1 path $
[2022-10-05 07:48:30,198]  TRACE - ore.CodeInspectionMOReaderImpl:153 - Problem was occurred till read Problem file /data/results/log/qodana_inspections_summary.csv: Use JsonReader.setLenient(true) to accept malformed JSON at line 1 column 1 path $
[2022-10-05 07:48:30,198]  TRACE - ore.CodeInspectionMOReaderImpl:153 - Problem was occurred till read Problem file /data/results/projectStructure/ProjectFingerprint.json: Expected END_ARRAY but was STRING at line 3 column 6 path $.languages[0]
[2022-10-05 07:48:30,198]  TRACE - ore.CodeInspectionMOReaderImpl:175 - Problem was occurred till read targets Problem file /data/results/projectStructure/ProjectFingerprint.json: Failed call validation for DescriptionProblemClass
[2022-10-05 07:48:30,198]  TRACE - ore.CodeInspectionMOReaderImpl:202 - Problem was occurred till read Duplicate file /data/results/projectStructure/ProjectFingerprint.json: Expected END_ARRAY but was STRING at line 3 column 6 path $.languages[0]
[2022-10-05 07:48:30,198]  TRACE - ore.CodeInspectionMOReaderImpl:226 - Problem was occurred till read Taint file /data/results/projectStructure/ProjectFingerprint.json: Expected END_ARRAY but was STRING at line 3 column 6 path $.languages[0]
[2022-10-05 07:48:30,198]  TRACE - ore.CodeInspectionMOReaderImpl:153 - Problem was occurred till read Problem file /data/results/projectStructure/SDKs.json: Failed call validation for DescriptionProblemClass
[2022-10-05 07:48:30,199]  TRACE - ore.CodeInspectionMOReaderImpl:175 - Problem was occurred till read targets Problem file /data/results/projectStructure/SDKs.json: Failed call validation for DescriptionProblemClass
[2022-10-05 07:48:30,199]  TRACE - ore.CodeInspectionMOReaderImpl:202 - Problem was occurred till read Duplicate file /data/results/projectStructure/SDKs.json: Expected END_ARRAY but was BEGIN_OBJECT at line 3 column 6 path $.sdks[0]
[2022-10-05 07:48:30,199]  TRACE - ore.CodeInspectionMOReaderImpl:226 - Problem was occurred till read Taint file /data/results/projectStructure/SDKs.json: Failed call validation for TaintProblem
[2022-10-05 07:48:30,200]  TRACE - ore.CodeInspectionMOReaderImpl:153 - Problem was occurred till read Problem file /data/results/projectStructure/Libraries.json: Failed call validation for DescriptionProblemClass
[2022-10-05 07:48:30,200]  TRACE - ore.CodeInspectionMOReaderImpl:175 - Problem was occurred till read targets Problem file /data/results/projectStructure/Libraries.json: Failed call validation for DescriptionProblemClass
[2022-10-05 07:48:30,200]  TRACE - ore.CodeInspectionMOReaderImpl:202 - Problem was occurred till read Duplicate file /data/results/projectStructure/Libraries.json: Expected END_ARRAY but was BEGIN_OBJECT at line 3 column 6 path $.libraries[0]
[2022-10-05 07:48:30,200]  TRACE - ore.CodeInspectionMOReaderImpl:226 - Problem was occurred till read Taint file /data/results/projectStructure/Libraries.json: Failed call validation for TaintProblem
[2022-10-05 07:48:30,200]  TRACE - ore.CodeInspectionMOReaderImpl:153 - Problem was occurred till read Problem file /data/results/projectStructure/Java.json: Failed call validation for DescriptionProblemClass
[2022-10-05 07:48:30,201]  TRACE - ore.CodeInspectionMOReaderImpl:175 - Problem was occurred till read targets Problem file /data/results/projectStructure/Java.json: Failed call validation for DescriptionProblemClass
[2022-10-05 07:48:30,201]  TRACE - ore.CodeInspectionMOReaderImpl:202 - Problem was occurred till read Duplicate file /data/results/projectStructure/Java.json: Expected END_ARRAY but was BEGIN_OBJECT at line 3 column 6 path $.modules[0]
[2022-10-05 07:48:30,201]  TRACE - ore.CodeInspectionMOReaderImpl:226 - Problem was occurred till read Taint file /data/results/projectStructure/Java.json: Failed call validation for TaintProblem
[2022-10-05 07:48:30,201]  TRACE - ore.CodeInspectionMOReaderImpl:153 - Problem was occurred till read Problem file /data/results/projectStructure/Maven.json: Failed call validation for DescriptionProblemClass
[2022-10-05 07:48:30,201]  TRACE - ore.CodeInspectionMOReaderImpl:175 - Problem was occurred till read targets Problem file /data/results/projectStructure/Maven.json: Failed call validation for DescriptionProblemClass
[2022-10-05 07:48:30,201]  TRACE - ore.CodeInspectionMOReaderImpl:202 - Problem was occurred till read Duplicate file /data/results/projectStructure/Maven.json: Expected END_ARRAY but was BEGIN_OBJECT at line 3 column 6 path $.libraries[0]
[2022-10-05 07:48:30,202]  TRACE - ore.CodeInspectionMOReaderImpl:226 - Problem was occurred till read Taint file /data/results/projectStructure/Maven.json: Failed call validation for TaintProblem
[2022-10-05 07:48:30,202]  TRACE - ore.CodeInspectionMOReaderImpl:153 - Problem was occurred till read Problem file /data/results/projectStructure/Modules.json: Failed call validation for DescriptionProblemClass
[2022-10-05 07:48:30,202]  TRACE - ore.CodeInspectionMOReaderImpl:175 - Problem was occurred till read targets Problem file /data/results/projectStructure/Modules.json: Failed call validation for DescriptionProblemClass
[2022-10-05 07:48:30,202]  TRACE - ore.CodeInspectionMOReaderImpl:202 - Problem was occurred till read Duplicate file /data/results/projectStructure/Modules.json: Expected END_ARRAY but was BEGIN_OBJECT at line 3 column 6 path $.modules[0]
[2022-10-05 07:48:30,202]  TRACE - ore.CodeInspectionMOReaderImpl:226 - Problem was occurred till read Taint file /data/results/projectStructure/Modules.json: Failed call validation for TaintProblem
[2022-10-05 07:48:30,202]   INFO - ore.CodeInspectionMOReaderImpl:129 - Reading problems and description from sarif: /data/results/qodana.sarif.json
[2022-10-05 07:48:30,405]   INFO - ore.CodeInspectionMOReaderImpl:302 - Writing sarif problems
[2022-10-05 07:48:30,552]   INFO -    org.jetbrains.analysis.Main:59 - Done
